Building DAG of jobs...
Using shell: /usr/bin/bash
Provided cores: 8
Rules claiming more threads will be scaled down.
Job stats:
job                     count    min threads    max threads
--------------------  -------  -------------  -------------
all                         1              1              1
calculate_AUC_pvalue        1              1              1
compute_score               1              1              1
generate_norm_score         1              1              1
total                       4              1              1

Select jobs to execute...

[Tue Oct 28 09:17:31 2025]
rule compute_score:
    input: data/magma_result.txt, data/singlecell/data.h5ad
    output: result/scRPS_res/tmp/compute_score.log, result/scRPS_res/tmp/list
    jobid: 1
    reason: Missing output files: result/scRPS_res/tmp/compute_score.log, result/scRPS_res/tmp/list
    resources: tmpdir=/tmp

[Wed Oct 29 12:13:38 2025]
Finished job 1.
1 of 4 steps (25%) done
Select jobs to execute...

[Wed Oct 29 12:13:38 2025]
rule generate_norm_score:
    input: result/scRPS_res/tmp/list
    output: result/scRPS_res/norm_score.tsv
    jobid: 2
    reason: Missing output files: result/scRPS_res/norm_score.tsv; Input files updated by another job: result/scRPS_res/tmp/list
    resources: tmpdir=/tmp

[Wed Oct 29 12:15:08 2025]
Finished job 2.
2 of 4 steps (50%) done
Select jobs to execute...

[Wed Oct 29 12:15:08 2025]
rule calculate_AUC_pvalue:
    input: result/scRPS_res/norm_score.tsv, data/singlecell/cell_annotation.tsv
    output: result/scRPS_res/pvalue_AUC.txt, result/scRPS_res/BPS_AUC.txt
    jobid: 3
    reason: Missing output files: result/scRPS_res/BPS_AUC.txt, result/scRPS_res/pvalue_AUC.txt; Input files updated by another job: result/scRPS_res/norm_score.tsv
    resources: tmpdir=/tmp

[Wed Oct 29 12:15:22 2025]
Error in rule calculate_AUC_pvalue:
    jobid: 3
    input: result/scRPS_res/norm_score.tsv, data/singlecell/cell_annotation.tsv
    output: result/scRPS_res/pvalue_AUC.txt, result/scRPS_res/BPS_AUC.txt
    shell:
        
        Rscript /mnt/d/master/mygithub/HT_rnaseq/scBPS/scripts/calculate_AUC.R result/scRPS_res/norm_score.tsv data/singlecell/cell_annotation.tsv result/scRPS_res/pvalue_AUC.txt result/scRPS_res/BPS_AUC.txt
        
        (one of the commands exited with non-zero exit code; note that snakemake uses bash strict mode!)

Shutting down, this might take some time.
Exiting because a job execution failed. Look above for error message
Complete log: .snakemake/log/2025-10-28T091730.354900.snakemake.log
